c:\users\hp\source\repos\ktv\ktv\debug\vc141.pdb
c:\users\hp\source\repos\ktv\ktv\debug\vc141.idb
c:\users\hp\source\repos\ktv\ktv\debug\tcpserver.obj
c:\users\hp\source\repos\ktv\ktv\debug\tcpclient.obj
c:\users\hp\source\repos\ktv\ktv\debug\main.obj
c:\users\hp\source\repos\ktv\ktv\debug\layout1.obj
c:\users\hp\source\repos\ktv\ktv\debug\inputhandle.obj
c:\users\hp\source\repos\ktv\ktv\debug\info.obj
c:\users\hp\source\repos\ktv\ktv\debug\draw.obj
c:\users\hp\source\repos\ktv\ktv\debug\clientlayout.obj
c:\users\hp\source\repos\ktv\ktv\debug\adminlayout.obj
c:\users\hp\source\repos\ktv\ktv\debug\loginlayout.obj
c:\users\hp\source\repos\ktv\debug\ktv.exe
c:\users\hp\source\repos\ktv\debug\ktv.ilk
c:\users\hp\source\repos\ktv\debug\ktv.pdb
c:\users\hp\source\repos\ktv\ktv\debug\ktv.tlog\cl.command.1.tlog
c:\users\hp\source\repos\ktv\ktv\debug\ktv.tlog\cl.read.1.tlog
c:\users\hp\source\repos\ktv\ktv\debug\ktv.tlog\cl.write.1.tlog
c:\users\hp\source\repos\ktv\ktv\debug\ktv.tlog\link.command.1.tlog
c:\users\hp\source\repos\ktv\ktv\debug\ktv.tlog\link.read.1.tlog
c:\users\hp\source\repos\ktv\ktv\debug\ktv.tlog\link.write.1.tlog
